<?xml version="1.0" encoding="UTF-8"?>
<!-- Generated by org.testng.reporters.JUnitXMLReporter -->
<testsuite ignored="0" hostname="Jashwin-PC" failures="0" tests="7" name="Paralel test" time="97.833" errors="0" timestamp="2025-06-18T21:53:51 EDT">
  <testcase classname="amazonTest.TestCase1_LoginToAmazonLogout" name="withvalidvredentails" time="10.136">
    <skipped/>
  </testcase> <!-- withvalidvredentails -->
  <testcase classname="amazonTest.TestCase2_ValidLogin" name="withvalidvredentails" time="12.701"/>
  <testcase classname="amazonTest.TestCase1_LoginToAmazonLogout" name="withvalidvredentails" time="20.615">
    <skipped/>
  </testcase> <!-- withvalidvredentails -->
  <testcase classname="amazonTest.TestCase1_LoginToAmazonLogout" name="withvalidvredentails" time="10.035">
    <skipped/>
  </testcase> <!-- withvalidvredentails -->
  <testcase classname="amazonTest.TestCase1_LoginToAmazonLogout" name="withvalidvredentails" time="10.057">
    <skipped/>
  </testcase> <!-- withvalidvredentails -->
  <testcase classname="amazonTest.TestCase1_LoginToAmazonLogout" name="withvalidvredentails" time="10.031">
    <skipped/>
  </testcase> <!-- withvalidvredentails -->
  <testcase classname="amazonTest.TestCase1_LoginToAmazonLogout" name="withvalidvredentails" time="10.356"/>
</testsuite> <!-- Paralel test -->
