<?xml version="1.0" encoding="UTF-8"?>
<!-- Generated by org.testng.reporters.JUnitXMLReporter -->
<testsuite ignored="0" hostname="Jashwin-PC" failures="1" tests="3" name="AmazonTest" time="38.022" errors="0" timestamp="2025-06-17T23:36:21 EDT">
  <testcase classname="amazonTest.TestCase1_LoginToAmazonLogout" name="withvalidvredentails" time="15.914">
    <skipped/>
  </testcase> <!-- withvalidvredentails -->
  <testcase classname="amazonTest.TestCase1_LoginToAmazonLogout" name="withvalidvredentails" time="15.896"/>
  <testcase classname="amazonTest.TestCase1_LoginToAmazonLogout" name="withvalidvredentails" time="37.971">
    <failure type="java.lang.NullPointerException" message="Cannot read field &amp;quot;driver&amp;quot; because &amp;quot;amazanUtil.MyListenerTest.TestCase1_LoginToAmazonLogout&amp;quot; is null">
      <![CDATA[java.lang.NullPointerException: Cannot read field "driver" because "amazanUtil.MyListenerTest.TestCase1_LoginToAmazonLogout" is null
at amazanUtil.MyListenerTest.onTestSuccess(MyListenerTest.java:26)
at java.base/java.util.ArrayList.forEach(ArrayList.java:1597)
... Removed 24 stack frames]]>
    </failure>
  </testcase> <!-- withvalidvredentails -->
</testsuite> <!-- AmazonTest -->
