<?xml version="1.0" encoding="UTF-8"?>
<!-- Generated by org.testng.reporters.JUnitXMLReporter -->
<testsuite ignored="0" hostname="Jashwin-PC" failures="0" tests="17" name="Test" time="347.227" errors="0" timestamp="2025-06-26T23:18:36 EDT">
  <testcase classname="amazonTest.TestCase8_ProductSort" name="withvalidvredentails" time="10.054"/>
  <testcase classname="amazonTest.TestCase2_ValidLogin" name="withvalidvredentails" time="13.762"/>
  <testcase classname="amazonTest.TestCase4_ProfileEdit2" name="withvalidvredentails" time="20.389">
    <skipped/>
  </testcase> <!-- withvalidvredentails -->
  <testcase classname="amazonTest.TestCase4_ProfileEdit2" name="withvalidvredentails" time="11.89"/>
  <testcase classname="amazonTest.TestCase1_LoginToAmazonLogout" name="withvalidvredentails" time="17.757">
    <skipped/>
  </testcase> <!-- withvalidvredentails -->
  <testcase classname="amazonTest.TestCase1_LoginToAmazonLogout" name="withvalidvredentails" time="8.721"/>
  <testcase classname="amazonTest.TestCase3_InvalidLogin" name="withInvalidcredentails" time="5.071"/>
  <testcase classname="amazonTest.TestCase6_SearchFilters" name="withvalidvredentails" time="6.164"/>
  <testcase classname="amazonTest.TestCase15_CartWithoutLogin" name="withvalidvredentails" time="14.065"/>
  <testcase classname="amazonTest.TestCase9_AddToCart" name="withvalidvredentails" time="21.932"/>
  <testcase classname="amazonTest.TestCase10_UpdateQuantities" name="withvalidvredentails" time="20.126"/>
  <testcase classname="amazonTest.TestCase14_YourOrders" name="withvalidvredentails" time="12.347"/>
  <testcase classname="amazonTest.TestCase16_CardDetails" name="withvalidvredentails" time="20.536"/>
  <testcase classname="amazonTest.TestCase7_ProductDetails" name="withvalidvredentails" time="7.841"/>
  <testcase classname="amazonTest.TestCase11_ValidateCheckoutPage" name="withvalidvredentails" time="42.427"/>
  <testcase classname="amazonTest.TestCase13_ApplyCoupon" name="withvalidvredentails" time="16.099"/>
  <testcase classname="amazonTest.TestCase12_paymentPage2" name="withvalidvredentails" time="17.004"/>
</testsuite> <!-- Test -->
