<?xml version="1.0" encoding="UTF-8"?>
<!-- Generated by org.testng.reporters.JUnitXMLReporter -->
<testsuite ignored="0" hostname="Jashwin-PC" failures="0" tests="15" name="Test" time="287.444" errors="0" timestamp="2025-06-26T23:26:49 EDT">
  <testcase classname="amazonTest.TestCase8_ProductSort" name="withvalidvredentails" time="6.433"/>
  <testcase classname="amazonTest.TestCase2_ValidLogin" name="withvalidvredentails" time="7.671"/>
  <testcase classname="amazonTest.TestCase4_ProfileEdit2" name="withvalidvredentails" time="13.031"/>
  <testcase classname="amazonTest.TestCase1_LoginToAmazonLogout" name="withvalidvredentails" time="19.203"/>
  <testcase classname="amazonTest.TestCase3_InvalidLogin" name="withInvalidcredentails" time="8.991"/>
  <testcase classname="amazonTest.TestCase6_SearchFilters" name="withvalidvredentails" time="8.836"/>
  <testcase classname="amazonTest.TestCase15_CartWithoutLogin" name="withvalidvredentails" time="12.225"/>
  <testcase classname="amazonTest.TestCase9_AddToCart" name="withvalidvredentails" time="20.603"/>
  <testcase classname="amazonTest.TestCase10_UpdateQuantities" name="withvalidvredentails" time="23.726"/>
  <testcase classname="amazonTest.TestCase14_YourOrders" name="withvalidvredentails" time="12.801"/>
  <testcase classname="amazonTest.TestCase16_CardDetails" name="withvalidvredentails" time="17.667"/>
  <testcase classname="amazonTest.TestCase7_ProductDetails" name="withvalidvredentails" time="10.706"/>
  <testcase classname="amazonTest.TestCase11_ValidateCheckoutPage" name="withvalidvredentails" time="34.641"/>
  <testcase classname="amazonTest.TestCase13_ApplyCoupon" name="withvalidvredentails" time="15.953"/>
  <testcase classname="amazonTest.TestCase12_paymentPage2" name="withvalidvredentails" time="15.704"/>
</testsuite> <!-- Test -->
