<?xml version="1.0" encoding="UTF-8"?>
<testng-results ignored="0" total="15" passed="15" failed="0" skipped="0">
  <reporter-output>
    <line>
      <![CDATA[Chrome browser launching]]>
    </line>
    <line>
      <![CDATA[Sorted by Price: Low to High]]>
    </line>
    <line>
      <![CDATA[Sorted by Price: Low to High]]>
    </line>
    <line>
      <![CDATA[Sorted by Customer Review]]>
    </line>
    <line>
      <![CDATA[Listener:Test is Pass]]>
    </line>
    <line>
      <![CDATA[Chrome browser launching]]>
    </line>
    <line>
      <![CDATA[Greeting message displayed]]>
    </line>
    <line>
      <![CDATA[Listener:Test is Pass]]>
    </line>
    <line>
      <![CDATA[Chrome browser launching]]>
    </line>
    <line>
      <![CDATA[Greeting message displayed]]>
    </line>
    <line>
      <![CDATA[Profile Name edited]]>
    </line>
    <line>
      <![CDATA[Listener:Test is Pass]]>
    </line>
    <line>
      <![CDATA[Chrome browser launching]]>
    </line>
    <line>
      <![CDATA[Greeting message displayed]]>
    </line>
    <line>
      <![CDATA[Listener:Test is Pass]]>
    </line>
    <line>
      <![CDATA[Chrome browser launching]]>
    </line>
    <line>
      <![CDATA[Invalid password]]>
    </line>
    <line>
      <![CDATA[Listener:Test is Pass]]>
    </line>
    <line>
      <![CDATA[Chrome browser launching]]>
    </line>
    <line>
      <![CDATA[Brand verified]]>
    </line>
    <line>
      <![CDATA[Listener:Test is Pass]]>
    </line>
    <line>
      <![CDATA[Chrome browser launching]]>
    </line>
    <line>
      <![CDATA[clicked on the first Product]]>
    </line>
    <line>
      <![CDATA[switched to child window]]>
    </line>
    <line>
      <![CDATA[Product added to cart]]>
    </line>
    <line>
      <![CDATA[Listener:Test is Pass]]>
    </line>
    <line>
      <![CDATA[Chrome browser launching]]>
    </line>
    <line>
      <![CDATA[Greeting message displayed]]>
    </line>
    <line>
      <![CDATA[clicked on the first Product]]>
    </line>
    <line>
      <![CDATA[switched to child window]]>
    </line>
    <line>
      <![CDATA[Product added to cart]]>
    </line>
    <line>
      <![CDATA[Listener:Test is Pass]]>
    </line>
    <line>
      <![CDATA[Chrome browser launching]]>
    </line>
    <line>
      <![CDATA[Greeting message displayed]]>
    </line>
    <line>
      <![CDATA[clicked on the first Product]]>
    </line>
    <line>
      <![CDATA[switched to child window]]>
    </line>
    <line>
      <![CDATA[Product added to cart]]>
    </line>
    <line>
      <![CDATA[Product deleted]]>
    </line>
    <line>
      <![CDATA[Listener:Test is Pass]]>
    </line>
    <line>
      <![CDATA[Chrome browser launching]]>
    </line>
    <line>
      <![CDATA[Greeting message displayed]]>
    </line>
    <line>
      <![CDATA[5 star rating given]]>
    </line>
    <line>
      <![CDATA[writen review for product]]>
    </line>
    <line>
      <![CDATA[Listener:Test is Pass]]>
    </line>
    <line>
      <![CDATA[Chrome browser launching]]>
    </line>
    <line>
      <![CDATA[Greeting message displayed]]>
    </line>
    <line>
      <![CDATA[Selected credit_debitCard]]>
    </line>
    <line>
      <![CDATA[Error 1: Card number is not correct.]]>
    </line>
    <line>
      <![CDATA[Error 2: Expiration date is not correct.]]>
    </line>
    <line>
      <![CDATA[Listener:Test is Pass]]>
    </line>
    <line>
      <![CDATA[Chrome browser launching]]>
    </line>
    <line>
      <![CDATA[clicked on the first Product]]>
    </line>
    <line>
      <![CDATA[productdescription verified]]>
    </line>
    <line>
      <![CDATA[Listener:Test is Pass]]>
    </line>
    <line>
      <![CDATA[Chrome browser launching]]>
    </line>
    <line>
      <![CDATA[Greeting message displayed]]>
    </line>
    <line>
      <![CDATA[clicked on the first Product]]>
    </line>
    <line>
      <![CDATA[switched to child window]]>
    </line>
    <line>
      <![CDATA[Product added to cart]]>
    </line>
    <line>
      <![CDATA[Payment verified]]>
    </line>
    <line>
      <![CDATA[Address verified]]>
    </line>
    <line>
      <![CDATA[OrderReview verified]]>
    </line>
    <line>
      <![CDATA[Listener:Test is Pass]]>
    </line>
    <line>
      <![CDATA[Chrome browser launching]]>
    </line>
    <line>
      <![CDATA[Greeting message displayed]]>
    </line>
    <line>
      <![CDATA[Listener:Test is Pass]]>
    </line>
    <line>
      <![CDATA[Chrome browser launching]]>
    </line>
    <line>
      <![CDATA[Greeting message displayed]]>
    </line>
    <line>
      <![CDATA[selected each payment ]]>
    </line>
    <line>
      <![CDATA[Listener:Test is Pass]]>
    </line>
  </reporter-output>
  <suite started-at="2025-06-26T23:22:02 EDT" name="Suite" finished-at="2025-06-26T23:26:49 EDT" duration-ms="287444">
    <groups>
    </groups>
    <test started-at="2025-06-26T23:22:02 EDT" name="Test" finished-at="2025-06-26T23:26:49 EDT" duration-ms="287444">
      <class name="amazonTest.TestCase14_YourOrders">
        <test-method is-config="true" signature="browserlaunch(java.lang.String)[pri:0, instance:amazonTest.TestCase14_YourOrders@5aa9e4eb]" started-at="2025-06-26T23:24:39 EDT" name="browserlaunch" finished-at="2025-06-26T23:24:42 EDT" duration-ms="2993" status="PASS">
          <params>
            <param index="0">
              <value>
                <![CDATA[chrome]]>
              </value>
            </param>
          </params>
          <reporter-output>
            <line>
              <![CDATA[Chrome browser launching]]>
            </line>
          </reporter-output>
        </test-method> <!-- browserlaunch -->
        <test-method signature="withvalidvredentails()[pri:0, instance:amazonTest.TestCase14_YourOrders@5aa9e4eb]" started-at="2025-06-26T23:24:42 EDT" name="withvalidvredentails" finished-at="2025-06-26T23:24:54 EDT" duration-ms="12801" status="PASS">
          <reporter-output>
            <line>
              <![CDATA[Greeting message displayed]]>
            </line>
            <line>
              <![CDATA[5 star rating given]]>
            </line>
            <line>
              <![CDATA[writen review for product]]>
            </line>
            <line>
              <![CDATA[Listener:Test is Pass]]>
            </line>
          </reporter-output>
        </test-method> <!-- withvalidvredentails -->
        <test-method is-config="true" signature="browserquit()[pri:0, instance:amazonTest.TestCase14_YourOrders@5aa9e4eb]" started-at="2025-06-26T23:24:55 EDT" name="browserquit" finished-at="2025-06-26T23:24:55 EDT" duration-ms="420" status="PASS">
          <reporter-output>
          </reporter-output>
        </test-method> <!-- browserquit -->
      </class> <!-- amazonTest.TestCase14_YourOrders -->
      <class name="amazonTest.TestCase9_AddToCart">
        <test-method is-config="true" signature="browserlaunch(java.lang.String)[pri:0, instance:amazonTest.TestCase9_AddToCart@10683d9d]" started-at="2025-06-26T23:23:47 EDT" name="browserlaunch" finished-at="2025-06-26T23:23:50 EDT" duration-ms="3073" status="PASS">
          <params>
            <param index="0">
              <value>
                <![CDATA[chrome]]>
              </value>
            </param>
          </params>
          <reporter-output>
            <line>
              <![CDATA[Chrome browser launching]]>
            </line>
          </reporter-output>
        </test-method> <!-- browserlaunch -->
        <test-method signature="withvalidvredentails()[pri:0, instance:amazonTest.TestCase9_AddToCart@10683d9d]" started-at="2025-06-26T23:23:50 EDT" name="withvalidvredentails" finished-at="2025-06-26T23:24:11 EDT" duration-ms="20603" status="PASS">
          <reporter-output>
            <line>
              <![CDATA[Greeting message displayed]]>
            </line>
            <line>
              <![CDATA[clicked on the first Product]]>
            </line>
            <line>
              <![CDATA[switched to child window]]>
            </line>
            <line>
              <![CDATA[Product added to cart]]>
            </line>
            <line>
              <![CDATA[Listener:Test is Pass]]>
            </line>
          </reporter-output>
        </test-method> <!-- withvalidvredentails -->
        <test-method is-config="true" signature="browserquit()[pri:0, instance:amazonTest.TestCase9_AddToCart@10683d9d]" started-at="2025-06-26T23:24:11 EDT" name="browserquit" finished-at="2025-06-26T23:24:12 EDT" duration-ms="588" status="PASS">
          <reporter-output>
          </reporter-output>
        </test-method> <!-- browserquit -->
      </class> <!-- amazonTest.TestCase9_AddToCart -->
      <class name="amazonTest.TestCase6_SearchFilters">
        <test-method is-config="true" signature="browserlaunch(java.lang.String)[pri:0, instance:amazonTest.TestCase6_SearchFilters@2f4948e4]" started-at="2025-06-26T23:23:17 EDT" name="browserlaunch" finished-at="2025-06-26T23:23:19 EDT" duration-ms="2411" status="PASS">
          <params>
            <param index="0">
              <value>
                <![CDATA[chrome]]>
              </value>
            </param>
          </params>
          <reporter-output>
            <line>
              <![CDATA[Chrome browser launching]]>
            </line>
          </reporter-output>
        </test-method> <!-- browserlaunch -->
        <test-method signature="withvalidvredentails()[pri:0, instance:amazonTest.TestCase6_SearchFilters@2f4948e4]" started-at="2025-06-26T23:23:19 EDT" name="withvalidvredentails" finished-at="2025-06-26T23:23:28 EDT" duration-ms="8836" status="PASS">
          <reporter-output>
            <line>
              <![CDATA[Brand verified]]>
            </line>
            <line>
              <![CDATA[Listener:Test is Pass]]>
            </line>
          </reporter-output>
        </test-method> <!-- withvalidvredentails -->
        <test-method is-config="true" signature="browserquit()[pri:0, instance:amazonTest.TestCase6_SearchFilters@2f4948e4]" started-at="2025-06-26T23:23:28 EDT" name="browserquit" finished-at="2025-06-26T23:23:29 EDT" duration-ms="408" status="PASS">
          <reporter-output>
          </reporter-output>
        </test-method> <!-- browserquit -->
      </class> <!-- amazonTest.TestCase6_SearchFilters -->
      <class name="amazonTest.TestCase7_ProductDetails">
        <test-method is-config="true" signature="browserlaunch(java.lang.String)[pri:0, instance:amazonTest.TestCase7_ProductDetails@385c9627]" started-at="2025-06-26T23:25:19 EDT" name="browserlaunch" finished-at="2025-06-26T23:25:21 EDT" duration-ms="2050" status="PASS">
          <params>
            <param index="0">
              <value>
                <![CDATA[chrome]]>
              </value>
            </param>
          </params>
          <reporter-output>
            <line>
              <![CDATA[Chrome browser launching]]>
            </line>
          </reporter-output>
        </test-method> <!-- browserlaunch -->
        <test-method signature="withvalidvredentails()[pri:0, instance:amazonTest.TestCase7_ProductDetails@385c9627]" started-at="2025-06-26T23:25:21 EDT" name="withvalidvredentails" finished-at="2025-06-26T23:25:31 EDT" duration-ms="10706" status="PASS">
          <reporter-output>
            <line>
              <![CDATA[clicked on the first Product]]>
            </line>
            <line>
              <![CDATA[productdescription verified]]>
            </line>
            <line>
              <![CDATA[Listener:Test is Pass]]>
            </line>
          </reporter-output>
        </test-method> <!-- withvalidvredentails -->
        <test-method is-config="true" signature="browserquit()[pri:0, instance:amazonTest.TestCase7_ProductDetails@385c9627]" started-at="2025-06-26T23:25:32 EDT" name="browserquit" finished-at="2025-06-26T23:25:32 EDT" duration-ms="435" status="PASS">
          <reporter-output>
          </reporter-output>
        </test-method> <!-- browserquit -->
      </class> <!-- amazonTest.TestCase7_ProductDetails -->
      <class name="amazonTest.TestCase16_CardDetails">
        <test-method is-config="true" signature="browserlaunch(java.lang.String)[pri:0, instance:amazonTest.TestCase16_CardDetails@6989da5e]" started-at="2025-06-26T23:24:55 EDT" name="browserlaunch" finished-at="2025-06-26T23:25:00 EDT" duration-ms="5076" status="PASS">
          <params>
            <param index="0">
              <value>
                <![CDATA[chrome]]>
              </value>
            </param>
          </params>
          <reporter-output>
            <line>
              <![CDATA[Chrome browser launching]]>
            </line>
          </reporter-output>
        </test-method> <!-- browserlaunch -->
        <test-method signature="withvalidvredentails()[pri:0, instance:amazonTest.TestCase16_CardDetails@6989da5e]" started-at="2025-06-26T23:25:00 EDT" name="withvalidvredentails" finished-at="2025-06-26T23:25:18 EDT" duration-ms="17667" status="PASS">
          <reporter-output>
            <line>
              <![CDATA[Greeting message displayed]]>
            </line>
            <line>
              <![CDATA[Selected credit_debitCard]]>
            </line>
            <line>
              <![CDATA[Error 1: Card number is not correct.]]>
            </line>
            <line>
              <![CDATA[Error 2: Expiration date is not correct.]]>
            </line>
            <line>
              <![CDATA[Listener:Test is Pass]]>
            </line>
          </reporter-output>
        </test-method> <!-- withvalidvredentails -->
        <test-method is-config="true" signature="browserquit()[pri:0, instance:amazonTest.TestCase16_CardDetails@6989da5e]" started-at="2025-06-26T23:25:18 EDT" name="browserquit" finished-at="2025-06-26T23:25:19 EDT" duration-ms="476" status="PASS">
          <reporter-output>
          </reporter-output>
        </test-method> <!-- browserquit -->
      </class> <!-- amazonTest.TestCase16_CardDetails -->
      <class name="amazonTest.TestCase10_UpdateQuantities">
        <test-method is-config="true" signature="browserlaunch(java.lang.String)[pri:0, instance:amazonTest.TestCase10_UpdateQuantities@3fc2959f]" started-at="2025-06-26T23:24:12 EDT" name="browserlaunch" finished-at="2025-06-26T23:24:14 EDT" duration-ms="2241" status="PASS">
          <params>
            <param index="0">
              <value>
                <![CDATA[chrome]]>
              </value>
            </param>
          </params>
          <reporter-output>
            <line>
              <![CDATA[Chrome browser launching]]>
            </line>
          </reporter-output>
        </test-method> <!-- browserlaunch -->
        <test-method signature="withvalidvredentails()[pri:0, instance:amazonTest.TestCase10_UpdateQuantities@3fc2959f]" started-at="2025-06-26T23:24:14 EDT" name="withvalidvredentails" finished-at="2025-06-26T23:24:38 EDT" duration-ms="23726" status="PASS">
          <reporter-output>
            <line>
              <![CDATA[Greeting message displayed]]>
            </line>
            <line>
              <![CDATA[clicked on the first Product]]>
            </line>
            <line>
              <![CDATA[switched to child window]]>
            </line>
            <line>
              <![CDATA[Product added to cart]]>
            </line>
            <line>
              <![CDATA[Product deleted]]>
            </line>
            <line>
              <![CDATA[Listener:Test is Pass]]>
            </line>
          </reporter-output>
        </test-method> <!-- withvalidvredentails -->
        <test-method is-config="true" signature="browserquit()[pri:0, instance:amazonTest.TestCase10_UpdateQuantities@3fc2959f]" started-at="2025-06-26T23:24:38 EDT" name="browserquit" finished-at="2025-06-26T23:24:39 EDT" duration-ms="544" status="PASS">
          <reporter-output>
          </reporter-output>
        </test-method> <!-- browserquit -->
      </class> <!-- amazonTest.TestCase10_UpdateQuantities -->
      <class name="amazonTest.TestCase15_CartWithoutLogin">
        <test-method is-config="true" signature="browserlaunch(java.lang.String)[pri:0, instance:amazonTest.TestCase15_CartWithoutLogin@1f2586d6]" started-at="2025-06-26T23:23:29 EDT" name="browserlaunch" finished-at="2025-06-26T23:23:34 EDT" duration-ms="5786" status="PASS">
          <params>
            <param index="0">
              <value>
                <![CDATA[chrome]]>
              </value>
            </param>
          </params>
          <reporter-output>
            <line>
              <![CDATA[Chrome browser launching]]>
            </line>
          </reporter-output>
        </test-method> <!-- browserlaunch -->
        <test-method signature="withvalidvredentails()[pri:0, instance:amazonTest.TestCase15_CartWithoutLogin@1f2586d6]" started-at="2025-06-26T23:23:34 EDT" name="withvalidvredentails" finished-at="2025-06-26T23:23:47 EDT" duration-ms="12225" status="PASS">
          <reporter-output>
            <line>
              <![CDATA[clicked on the first Product]]>
            </line>
            <line>
              <![CDATA[switched to child window]]>
            </line>
            <line>
              <![CDATA[Product added to cart]]>
            </line>
            <line>
              <![CDATA[Listener:Test is Pass]]>
            </line>
          </reporter-output>
        </test-method> <!-- withvalidvredentails -->
        <test-method is-config="true" signature="browserquit()[pri:0, instance:amazonTest.TestCase15_CartWithoutLogin@1f2586d6]" started-at="2025-06-26T23:23:47 EDT" name="browserquit" finished-at="2025-06-26T23:23:47 EDT" duration-ms="548" status="PASS">
          <reporter-output>
          </reporter-output>
        </test-method> <!-- browserquit -->
      </class> <!-- amazonTest.TestCase15_CartWithoutLogin -->
      <class name="amazonTest.TestCase13_ApplyCoupon">
        <test-method is-config="true" signature="browserlaunch(java.lang.String)[pri:0, instance:amazonTest.TestCase13_ApplyCoupon@682b2fa]" started-at="2025-06-26T23:26:10 EDT" name="browserlaunch" finished-at="2025-06-26T23:26:13 EDT" duration-ms="3282" status="PASS">
          <params>
            <param index="0">
              <value>
                <![CDATA[chrome]]>
              </value>
            </param>
          </params>
          <reporter-output>
            <line>
              <![CDATA[Chrome browser launching]]>
            </line>
          </reporter-output>
        </test-method> <!-- browserlaunch -->
        <test-method signature="withvalidvredentails()[pri:0, instance:amazonTest.TestCase13_ApplyCoupon@682b2fa]" started-at="2025-06-26T23:26:13 EDT" name="withvalidvredentails" finished-at="2025-06-26T23:26:29 EDT" duration-ms="15953" status="PASS">
          <reporter-output>
            <line>
              <![CDATA[Greeting message displayed]]>
            </line>
            <line>
              <![CDATA[Listener:Test is Pass]]>
            </line>
          </reporter-output>
        </test-method> <!-- withvalidvredentails -->
        <test-method is-config="true" signature="browserquit()[pri:0, instance:amazonTest.TestCase13_ApplyCoupon@682b2fa]" started-at="2025-06-26T23:26:30 EDT" name="browserquit" finished-at="2025-06-26T23:26:30 EDT" duration-ms="484" status="PASS">
          <reporter-output>
          </reporter-output>
        </test-method> <!-- browserquit -->
      </class> <!-- amazonTest.TestCase13_ApplyCoupon -->
      <class name="amazonTest.TestCase11_ValidateCheckoutPage">
        <test-method is-config="true" signature="browserlaunch(java.lang.String)[pri:0, instance:amazonTest.TestCase11_ValidateCheckoutPage@139982de]" started-at="2025-06-26T23:25:32 EDT" name="browserlaunch" finished-at="2025-06-26T23:25:35 EDT" duration-ms="2673" status="PASS">
          <params>
            <param index="0">
              <value>
                <![CDATA[chrome]]>
              </value>
            </param>
          </params>
          <reporter-output>
            <line>
              <![CDATA[Chrome browser launching]]>
            </line>
          </reporter-output>
        </test-method> <!-- browserlaunch -->
        <test-method signature="withvalidvredentails()[pri:0, instance:amazonTest.TestCase11_ValidateCheckoutPage@139982de]" started-at="2025-06-26T23:25:35 EDT" name="withvalidvredentails" finished-at="2025-06-26T23:26:09 EDT" duration-ms="34641" status="PASS">
          <reporter-output>
            <line>
              <![CDATA[Greeting message displayed]]>
            </line>
            <line>
              <![CDATA[clicked on the first Product]]>
            </line>
            <line>
              <![CDATA[switched to child window]]>
            </line>
            <line>
              <![CDATA[Product added to cart]]>
            </line>
            <line>
              <![CDATA[Payment verified]]>
            </line>
            <line>
              <![CDATA[Address verified]]>
            </line>
            <line>
              <![CDATA[OrderReview verified]]>
            </line>
            <line>
              <![CDATA[Listener:Test is Pass]]>
            </line>
          </reporter-output>
        </test-method> <!-- withvalidvredentails -->
        <test-method is-config="true" signature="browserquit()[pri:0, instance:amazonTest.TestCase11_ValidateCheckoutPage@139982de]" started-at="2025-06-26T23:26:10 EDT" name="browserquit" finished-at="2025-06-26T23:26:10 EDT" duration-ms="480" status="PASS">
          <reporter-output>
          </reporter-output>
        </test-method> <!-- browserquit -->
      </class> <!-- amazonTest.TestCase11_ValidateCheckoutPage -->
      <class name="amazonTest.TestCase12_paymentPage2">
        <test-method is-config="true" signature="browserlaunch(java.lang.String)[pri:0, instance:amazonTest.TestCase12_paymentPage2@217ed35e]" started-at="2025-06-26T23:26:30 EDT" name="browserlaunch" finished-at="2025-06-26T23:26:33 EDT" duration-ms="3016" status="PASS">
          <params>
            <param index="0">
              <value>
                <![CDATA[chrome]]>
              </value>
            </param>
          </params>
          <reporter-output>
            <line>
              <![CDATA[Chrome browser launching]]>
            </line>
          </reporter-output>
        </test-method> <!-- browserlaunch -->
        <test-method signature="withvalidvredentails()[pri:0, instance:amazonTest.TestCase12_paymentPage2@217ed35e]" started-at="2025-06-26T23:26:33 EDT" name="withvalidvredentails" finished-at="2025-06-26T23:26:49 EDT" duration-ms="15704" status="PASS">
          <reporter-output>
            <line>
              <![CDATA[Greeting message displayed]]>
            </line>
            <line>
              <![CDATA[selected each payment ]]>
            </line>
            <line>
              <![CDATA[Listener:Test is Pass]]>
            </line>
          </reporter-output>
        </test-method> <!-- withvalidvredentails -->
        <test-method is-config="true" signature="browserquit()[pri:0, instance:amazonTest.TestCase12_paymentPage2@217ed35e]" started-at="2025-06-26T23:26:49 EDT" name="browserquit" finished-at="2025-06-26T23:26:49 EDT" duration-ms="383" status="PASS">
          <reporter-output>
          </reporter-output>
        </test-method> <!-- browserquit -->
      </class> <!-- amazonTest.TestCase12_paymentPage2 -->
      <class name="amazonTest.TestCase8_ProductSort">
        <test-method is-config="true" signature="browserlaunch(java.lang.String)[pri:0, instance:amazonTest.TestCase8_ProductSort@71d44a3]" started-at="2025-06-26T23:22:02 EDT" name="browserlaunch" finished-at="2025-06-26T23:22:05 EDT" duration-ms="3037" status="PASS">
          <params>
            <param index="0">
              <value>
                <![CDATA[chrome]]>
              </value>
            </param>
          </params>
          <reporter-output>
            <line>
              <![CDATA[Chrome browser launching]]>
            </line>
          </reporter-output>
        </test-method> <!-- browserlaunch -->
        <test-method signature="withvalidvredentails()[pri:0, instance:amazonTest.TestCase8_ProductSort@71d44a3]" started-at="2025-06-26T23:22:05 EDT" name="withvalidvredentails" finished-at="2025-06-26T23:22:11 EDT" duration-ms="6433" status="PASS">
          <reporter-output>
            <line>
              <![CDATA[Sorted by Price: Low to High]]>
            </line>
            <line>
              <![CDATA[Sorted by Price: Low to High]]>
            </line>
            <line>
              <![CDATA[Sorted by Customer Review]]>
            </line>
            <line>
              <![CDATA[Listener:Test is Pass]]>
            </line>
          </reporter-output>
        </test-method> <!-- withvalidvredentails -->
        <test-method is-config="true" signature="browserquit()[pri:0, instance:amazonTest.TestCase8_ProductSort@71d44a3]" started-at="2025-06-26T23:22:12 EDT" name="browserquit" finished-at="2025-06-26T23:22:12 EDT" duration-ms="410" status="PASS">
          <reporter-output>
          </reporter-output>
        </test-method> <!-- browserquit -->
      </class> <!-- amazonTest.TestCase8_ProductSort -->
      <class name="amazonTest.TestCase3_InvalidLogin">
        <test-method is-config="true" signature="browserlaunch(java.lang.String)[pri:0, instance:amazonTest.TestCase3_InvalidLogin@6a78afa0]" started-at="2025-06-26T23:23:05 EDT" name="browserlaunch" finished-at="2025-06-26T23:23:07 EDT" duration-ms="2232" status="PASS">
          <params>
            <param index="0">
              <value>
                <![CDATA[chrome]]>
              </value>
            </param>
          </params>
          <reporter-output>
            <line>
              <![CDATA[Chrome browser launching]]>
            </line>
          </reporter-output>
        </test-method> <!-- browserlaunch -->
        <test-method signature="withInvalidcredentails(java.lang.String,java.lang.String)[pri:0, instance:amazonTest.TestCase3_InvalidLogin@6a78afa0]" started-at="2025-06-26T23:23:07 EDT" name="withInvalidcredentails" data-provider="logindata" finished-at="2025-06-26T23:23:16 EDT" duration-ms="8991" status="PASS">
          <params>
            <param index="0">
              <value>
                <![CDATA[9940271110]]>
              </value>
            </param>
            <param index="1">
              <value>
                <![CDATA[Jaaaaa@1223]]>
              </value>
            </param>
          </params>
          <reporter-output>
            <line>
              <![CDATA[Invalid password]]>
            </line>
            <line>
              <![CDATA[Listener:Test is Pass]]>
            </line>
          </reporter-output>
        </test-method> <!-- withInvalidcredentails -->
        <test-method is-config="true" signature="browserquit()[pri:0, instance:amazonTest.TestCase3_InvalidLogin@6a78afa0]" started-at="2025-06-26T23:23:16 EDT" name="browserquit" finished-at="2025-06-26T23:23:17 EDT" duration-ms="450" status="PASS">
          <reporter-output>
          </reporter-output>
        </test-method> <!-- browserquit -->
      </class> <!-- amazonTest.TestCase3_InvalidLogin -->
      <class name="amazonTest.TestCase4_ProfileEdit2">
        <test-method is-config="true" signature="browserlaunch(java.lang.String)[pri:0, instance:amazonTest.TestCase4_ProfileEdit2@7e6f74c]" started-at="2025-06-26T23:22:25 EDT" name="browserlaunch" finished-at="2025-06-26T23:22:27 EDT" duration-ms="2764" status="PASS">
          <params>
            <param index="0">
              <value>
                <![CDATA[chrome]]>
              </value>
            </param>
          </params>
          <reporter-output>
            <line>
              <![CDATA[Chrome browser launching]]>
            </line>
          </reporter-output>
        </test-method> <!-- browserlaunch -->
        <test-method signature="withvalidvredentails()[pri:0, instance:amazonTest.TestCase4_ProfileEdit2@7e6f74c]" started-at="2025-06-26T23:22:27 EDT" name="withvalidvredentails" finished-at="2025-06-26T23:22:40 EDT" duration-ms="13031" status="PASS">
          <reporter-output>
            <line>
              <![CDATA[Greeting message displayed]]>
            </line>
            <line>
              <![CDATA[Profile Name edited]]>
            </line>
            <line>
              <![CDATA[Listener:Test is Pass]]>
            </line>
          </reporter-output>
        </test-method> <!-- withvalidvredentails -->
        <test-method is-config="true" signature="browserquit()[pri:0, instance:amazonTest.TestCase4_ProfileEdit2@7e6f74c]" started-at="2025-06-26T23:22:41 EDT" name="browserquit" finished-at="2025-06-26T23:22:41 EDT" duration-ms="529" status="PASS">
          <reporter-output>
          </reporter-output>
        </test-method> <!-- browserquit -->
      </class> <!-- amazonTest.TestCase4_ProfileEdit2 -->
      <class name="amazonTest.TestCase2_ValidLogin">
        <test-method is-config="true" signature="browserlaunch(java.lang.String)[pri:0, instance:amazonTest.TestCase2_ValidLogin@44c03695]" started-at="2025-06-26T23:22:12 EDT" name="browserlaunch" finished-at="2025-06-26T23:22:16 EDT" duration-ms="4108" status="PASS">
          <params>
            <param index="0">
              <value>
                <![CDATA[chrome]]>
              </value>
            </param>
          </params>
          <reporter-output>
            <line>
              <![CDATA[Chrome browser launching]]>
            </line>
          </reporter-output>
        </test-method> <!-- browserlaunch -->
        <test-method signature="withvalidvredentails()[pri:0, instance:amazonTest.TestCase2_ValidLogin@44c03695]" started-at="2025-06-26T23:22:16 EDT" name="withvalidvredentails" finished-at="2025-06-26T23:22:24 EDT" duration-ms="7671" status="PASS">
          <reporter-output>
            <line>
              <![CDATA[Greeting message displayed]]>
            </line>
            <line>
              <![CDATA[Listener:Test is Pass]]>
            </line>
          </reporter-output>
        </test-method> <!-- withvalidvredentails -->
        <test-method is-config="true" signature="browserquit()[pri:0, instance:amazonTest.TestCase2_ValidLogin@44c03695]" started-at="2025-06-26T23:22:24 EDT" name="browserquit" finished-at="2025-06-26T23:22:25 EDT" duration-ms="435" status="PASS">
          <reporter-output>
          </reporter-output>
        </test-method> <!-- browserquit -->
      </class> <!-- amazonTest.TestCase2_ValidLogin -->
      <class name="amazonTest.TestCase1_LoginToAmazonLogout">
        <test-method is-config="true" signature="browserlaunch(java.lang.String)[pri:0, instance:amazonTest.TestCase1_LoginToAmazonLogout@dd05255]" started-at="2025-06-26T23:22:41 EDT" name="browserlaunch" finished-at="2025-06-26T23:22:44 EDT" duration-ms="2298" status="PASS">
          <params>
            <param index="0">
              <value>
                <![CDATA[chrome]]>
              </value>
            </param>
          </params>
          <reporter-output>
            <line>
              <![CDATA[Chrome browser launching]]>
            </line>
          </reporter-output>
        </test-method> <!-- browserlaunch -->
        <test-method signature="withvalidvredentails()[pri:0, instance:amazonTest.TestCase1_LoginToAmazonLogout@dd05255]" started-at="2025-06-26T23:22:44 EDT" name="withvalidvredentails" finished-at="2025-06-26T23:23:03 EDT" duration-ms="19203" status="PASS">
          <reporter-output>
            <line>
              <![CDATA[Greeting message displayed]]>
            </line>
            <line>
              <![CDATA[Listener:Test is Pass]]>
            </line>
          </reporter-output>
        </test-method> <!-- withvalidvredentails -->
        <test-method is-config="true" signature="browserquit()[pri:0, instance:amazonTest.TestCase1_LoginToAmazonLogout@dd05255]" started-at="2025-06-26T23:23:03 EDT" name="browserquit" finished-at="2025-06-26T23:23:03 EDT" duration-ms="491" status="PASS">
          <reporter-output>
          </reporter-output>
        </test-method> <!-- browserquit -->
      </class> <!-- amazonTest.TestCase1_LoginToAmazonLogout -->
    </test> <!-- Test -->
  </suite> <!-- Suite -->
</testng-results>
