<?xml version="1.0" encoding="UTF-8"?>
<testsuite xmlns:xsi="http://www.w3.org/2001/XMLSchema-instance" xsi:noNamespaceSchemaLocation="https://maven.apache.org/surefire/maven-surefire-plugin/xsd/surefire-test-report.xsd" version="3.0.2" name="TestSuite" time="288.487" tests="15" errors="0" skipped="0" failures="0">
  <properties>
[...]
</properties>
  <testcase name="withvalidvredentails" classname="amazonTest.TestCase8_ProductSort" time="6.436">
    <system-err><![CDATA[Jun 26, 2025 11:22:04 P.M. org.openqa.selenium.devtools.CdpVersionFinder findNearestMatch
WARNING: Unable to find CDP implementation matching 137
Jun 26, 2025 11:22:04 P.M. org.openqa.selenium.chromium.ChromiumDriver lambda$new$5
WARNING: Unable to find version of CDP to use for 137.0.7151.120. You may need to include a dependency on a specific version of the CDP using something similar to `org.seleniumhq.selenium:selenium-devtools-v86:4.20.0` where the version ("v86") matches the version of the chromium-based browser you're using and the version number of the artifact is the same as Selenium's.
]]></system-err>
  </testcase>
  <testcase name="withvalidvredentails" classname="amazonTest.TestCase2_ValidLogin" time="7.67">
    <system-out><![CDATA[Sceenshots taken for  fail
Greeting message: Hello, Sathiyaa
]]></system-out>
    <system-err><![CDATA[Jun 26, 2025 11:22:13 P.M. org.openqa.selenium.devtools.CdpVersionFinder findNearestMatch
WARNING: Unable to find CDP implementation matching 137
Jun 26, 2025 11:22:13 P.M. org.openqa.selenium.chromium.ChromiumDriver lambda$new$5
WARNING: Unable to find version of CDP to use for 137.0.7151.120. You may need to include a dependency on a specific version of the CDP using something similar to `org.seleniumhq.selenium:selenium-devtools-v86:4.20.0` where the version ("v86") matches the version of the chromium-based browser you're using and the version number of the artifact is the same as Selenium's.
]]></system-err>
  </testcase>
  <testcase name="withvalidvredentails" classname="amazonTest.TestCase4_ProfileEdit2" time="13.025">
    <system-out><![CDATA[Sceenshots taken for  fail
Greeting message: Hello, Sathiyaa
Before edit: Sathiyaa
]]></system-out>
    <system-err><![CDATA[Jun 26, 2025 11:22:26 P.M. org.openqa.selenium.devtools.CdpVersionFinder findNearestMatch
WARNING: Unable to find CDP implementation matching 137
Jun 26, 2025 11:22:26 P.M. org.openqa.selenium.chromium.ChromiumDriver lambda$new$5
WARNING: Unable to find version of CDP to use for 137.0.7151.120. You may need to include a dependency on a specific version of the CDP using something similar to `org.seleniumhq.selenium:selenium-devtools-v86:4.20.0` where the version ("v86") matches the version of the chromium-based browser you're using and the version number of the artifact is the same as Selenium's.
]]></system-err>
  </testcase>
  <testcase name="withvalidvredentails" classname="amazonTest.TestCase1_LoginToAmazonLogout" time="19.203">
    <system-out><![CDATA[Sceenshots taken for  fail
Greeting message: Hello, Sathiyaa
]]></system-out>
    <system-err><![CDATA[Jun 26, 2025 11:22:43 P.M. org.openqa.selenium.devtools.CdpVersionFinder findNearestMatch
WARNING: Unable to find CDP implementation matching 137
Jun 26, 2025 11:22:43 P.M. org.openqa.selenium.chromium.ChromiumDriver lambda$new$5
WARNING: Unable to find version of CDP to use for 137.0.7151.120. You may need to include a dependency on a specific version of the CDP using something similar to `org.seleniumhq.selenium:selenium-devtools-v86:4.20.0` where the version ("v86") matches the version of the chromium-based browser you're using and the version number of the artifact is the same as Selenium's.
]]></system-err>
  </testcase>
  <testcase name="withInvalidcredentails[9940271110, Jaaaaa@1223](1)" classname="amazonTest.TestCase3_InvalidLogin" time="8.991">
    <system-out><![CDATA[Sceenshots taken for  fail
]]></system-out>
    <system-err><![CDATA[Jun 26, 2025 11:23:06 P.M. org.openqa.selenium.devtools.CdpVersionFinder findNearestMatch
WARNING: Unable to find CDP implementation matching 137
Jun 26, 2025 11:23:06 P.M. org.openqa.selenium.chromium.ChromiumDriver lambda$new$5
WARNING: Unable to find version of CDP to use for 137.0.7151.120. You may need to include a dependency on a specific version of the CDP using something similar to `org.seleniumhq.selenium:selenium-devtools-v86:4.20.0` where the version ("v86") matches the version of the chromium-based browser you're using and the version number of the artifact is the same as Selenium's.
]]></system-err>
  </testcase>
  <testcase name="withvalidvredentails" classname="amazonTest.TestCase6_SearchFilters" time="8.836">
    <system-out><![CDATA[Sceenshots taken for  fail
]]></system-out>
    <system-err><![CDATA[Jun 26, 2025 11:23:18 P.M. org.openqa.selenium.devtools.CdpVersionFinder findNearestMatch
WARNING: Unable to find CDP implementation matching 137
Jun 26, 2025 11:23:18 P.M. org.openqa.selenium.chromium.ChromiumDriver lambda$new$5
WARNING: Unable to find version of CDP to use for 137.0.7151.120. You may need to include a dependency on a specific version of the CDP using something similar to `org.seleniumhq.selenium:selenium-devtools-v86:4.20.0` where the version ("v86") matches the version of the chromium-based browser you're using and the version number of the artifact is the same as Selenium's.
]]></system-err>
  </testcase>
  <testcase name="withvalidvredentails" classname="amazonTest.TestCase15_CartWithoutLogin" time="12.224">
    <system-out><![CDATA[Sceenshots taken for  fail
]]></system-out>
    <system-err><![CDATA[Jun 26, 2025 11:23:30 P.M. org.openqa.selenium.devtools.CdpVersionFinder findNearestMatch
WARNING: Unable to find CDP implementation matching 137
Jun 26, 2025 11:23:30 P.M. org.openqa.selenium.chromium.ChromiumDriver lambda$new$5
WARNING: Unable to find version of CDP to use for 137.0.7151.120. You may need to include a dependency on a specific version of the CDP using something similar to `org.seleniumhq.selenium:selenium-devtools-v86:4.20.0` where the version ("v86") matches the version of the chromium-based browser you're using and the version number of the artifact is the same as Selenium's.
]]></system-err>
  </testcase>
  <testcase name="withvalidvredentails" classname="amazonTest.TestCase9_AddToCart" time="20.6">
    <system-out><![CDATA[Sceenshots taken for  fail
Greeting message: Hello, Sathiyaa
]]></system-out>
    <system-err><![CDATA[Jun 26, 2025 11:23:49 P.M. org.openqa.selenium.devtools.CdpVersionFinder findNearestMatch
WARNING: Unable to find CDP implementation matching 137
Jun 26, 2025 11:23:49 P.M. org.openqa.selenium.chromium.ChromiumDriver lambda$new$5
WARNING: Unable to find version of CDP to use for 137.0.7151.120. You may need to include a dependency on a specific version of the CDP using something similar to `org.seleniumhq.selenium:selenium-devtools-v86:4.20.0` where the version ("v86") matches the version of the chromium-based browser you're using and the version number of the artifact is the same as Selenium's.
]]></system-err>
  </testcase>
  <testcase name="withvalidvredentails" classname="amazonTest.TestCase10_UpdateQuantities" time="23.73">
    <system-out><![CDATA[Sceenshots taken for  fail
Greeting message: Hello, Sathiyaa
Deleted the product
]]></system-out>
    <system-err><![CDATA[Jun 26, 2025 11:24:13 P.M. org.openqa.selenium.devtools.CdpVersionFinder findNearestMatch
WARNING: Unable to find CDP implementation matching 137
Jun 26, 2025 11:24:13 P.M. org.openqa.selenium.chromium.ChromiumDriver lambda$new$5
WARNING: Unable to find version of CDP to use for 137.0.7151.120. You may need to include a dependency on a specific version of the CDP using something similar to `org.seleniumhq.selenium:selenium-devtools-v86:4.20.0` where the version ("v86") matches the version of the chromium-based browser you're using and the version number of the artifact is the same as Selenium's.
]]></system-err>
  </testcase>
  <testcase name="withvalidvredentails" classname="amazonTest.TestCase14_YourOrders" time="12.801">
    <system-out><![CDATA[Sceenshots taken for  fail
Greeting message: Hello, Sathiyaa
]]></system-out>
    <system-err><![CDATA[Jun 26, 2025 11:24:40 P.M. org.openqa.selenium.devtools.CdpVersionFinder findNearestMatch
WARNING: Unable to find CDP implementation matching 137
Jun 26, 2025 11:24:40 P.M. org.openqa.selenium.chromium.ChromiumDriver lambda$new$5
WARNING: Unable to find version of CDP to use for 137.0.7151.120. You may need to include a dependency on a specific version of the CDP using something similar to `org.seleniumhq.selenium:selenium-devtools-v86:4.20.0` where the version ("v86") matches the version of the chromium-based browser you're using and the version number of the artifact is the same as Selenium's.
]]></system-err>
  </testcase>
  <testcase name="withvalidvredentails" classname="amazonTest.TestCase16_CardDetails" time="17.667">
    <system-out><![CDATA[Sceenshots taken for  fail
Greeting message: Hello, Sathiyaa
Error 1: Card number is not correct.
Error 2: Expiration date is not correct.
]]></system-out>
    <system-err><![CDATA[Jun 26, 2025 11:24:56 P.M. org.openqa.selenium.devtools.CdpVersionFinder findNearestMatch
WARNING: Unable to find CDP implementation matching 137
Jun 26, 2025 11:24:56 P.M. org.openqa.selenium.chromium.ChromiumDriver lambda$new$5
WARNING: Unable to find version of CDP to use for 137.0.7151.120. You may need to include a dependency on a specific version of the CDP using something similar to `org.seleniumhq.selenium:selenium-devtools-v86:4.20.0` where the version ("v86") matches the version of the chromium-based browser you're using and the version number of the artifact is the same as Selenium's.
]]></system-err>
  </testcase>
  <testcase name="withvalidvredentails" classname="amazonTest.TestCase7_ProductDetails" time="10.708">
    <system-out><![CDATA[Sceenshots taken for  fail
]]></system-out>
    <system-err><![CDATA[Jun 26, 2025 11:25:20 P.M. org.openqa.selenium.devtools.CdpVersionFinder findNearestMatch
WARNING: Unable to find CDP implementation matching 137
Jun 26, 2025 11:25:20 P.M. org.openqa.selenium.chromium.ChromiumDriver lambda$new$5
WARNING: Unable to find version of CDP to use for 137.0.7151.120. You may need to include a dependency on a specific version of the CDP using something similar to `org.seleniumhq.selenium:selenium-devtools-v86:4.20.0` where the version ("v86") matches the version of the chromium-based browser you're using and the version number of the artifact is the same as Selenium's.
]]></system-err>
  </testcase>
  <testcase name="withvalidvredentails" classname="amazonTest.TestCase11_ValidateCheckoutPage" time="34.641">
    <system-out><![CDATA[Sceenshots taken for  fail
Greeting message: Hello, Sathiyaa
]]></system-out>
    <system-err><![CDATA[Jun 26, 2025 11:25:33 P.M. org.openqa.selenium.devtools.CdpVersionFinder findNearestMatch
WARNING: Unable to find CDP implementation matching 137
Jun 26, 2025 11:25:33 P.M. org.openqa.selenium.chromium.ChromiumDriver lambda$new$5
WARNING: Unable to find version of CDP to use for 137.0.7151.120. You may need to include a dependency on a specific version of the CDP using something similar to `org.seleniumhq.selenium:selenium-devtools-v86:4.20.0` where the version ("v86") matches the version of the chromium-based browser you're using and the version number of the artifact is the same as Selenium's.
]]></system-err>
  </testcase>
  <testcase name="withvalidvredentails" classname="amazonTest.TestCase13_ApplyCoupon" time="15.953">
    <system-out><![CDATA[Sceenshots taken for  fail
Greeting message: Hello, Sathiyaa
]]></system-out>
    <system-err><![CDATA[Jun 26, 2025 11:26:11 P.M. org.openqa.selenium.devtools.CdpVersionFinder findNearestMatch
WARNING: Unable to find CDP implementation matching 137
Jun 26, 2025 11:26:11 P.M. org.openqa.selenium.chromium.ChromiumDriver lambda$new$5
WARNING: Unable to find version of CDP to use for 137.0.7151.120. You may need to include a dependency on a specific version of the CDP using something similar to `org.seleniumhq.selenium:selenium-devtools-v86:4.20.0` where the version ("v86") matches the version of the chromium-based browser you're using and the version number of the artifact is the same as Selenium's.
]]></system-err>
  </testcase>
  <testcase name="withvalidvredentails" classname="amazonTest.TestCase12_paymentPage2" time="15.707">
    <system-out><![CDATA[Sceenshots taken for  fail
Greeting message: Hello, Sathiyaa
Selected AmazonPayBalance 
Selected Bajaj Finser
Selected AmazonPay
Selected credit_debitCard
Selected otherUPI
]]></system-out>
    <system-err><![CDATA[Jun 26, 2025 11:26:31 P.M. org.openqa.selenium.devtools.CdpVersionFinder findNearestMatch
WARNING: Unable to find CDP implementation matching 137
Jun 26, 2025 11:26:31 P.M. org.openqa.selenium.chromium.ChromiumDriver lambda$new$5
WARNING: Unable to find version of CDP to use for 137.0.7151.120. You may need to include a dependency on a specific version of the CDP using something similar to `org.seleniumhq.selenium:selenium-devtools-v86:4.20.0` where the version ("v86") matches the version of the chromium-based browser you're using and the version number of the artifact is the same as Selenium's.
]]></system-err>
  </testcase>
</testsuite>