<?xml version="1.0" encoding="UTF-8"?>
<testng-results ignored="0" total="1" passed="1" failed="0" skipped="0">
  <reporter-output>
    <line>
      <![CDATA[Brand verified]]>
    </line>
  </reporter-output>
  <suite started-at="2025-06-19T16:36:18 EDT" name="Default suite" finished-at="2025-06-19T16:36:26 EDT" duration-ms="8390">
    <groups>
    </groups>
    <test started-at="2025-06-19T16:36:18 EDT" name="Default test" finished-at="2025-06-19T16:36:26 EDT" duration-ms="8390">
      <class name="amazonTest.TestCase6_SearchFilters">
        <test-method is-config="true" signature="browserlaunch(java.lang.String)[pri:0, instance:amazonTest.TestCase6_SearchFilters@587e5365]" started-at="2025-06-19T16:36:18 EDT" name="browserlaunch" finished-at="2025-06-19T16:36:20 EDT" duration-ms="2532" status="PASS">
          <params>
            <param index="0">
              <value>
                <![CDATA[chrome]]>
              </value>
            </param>
          </params>
          <reporter-output>
          </reporter-output>
        </test-method> <!-- browserlaunch -->
        <test-method signature="withvalidvredentails()[pri:0, instance:amazonTest.TestCase6_SearchFilters@587e5365]" started-at="2025-06-19T16:36:20 EDT" name="withvalidvredentails" finished-at="2025-06-19T16:36:25 EDT" duration-ms="4977" status="PASS">
          <reporter-output>
            <line>
              <![CDATA[Brand verified]]>
            </line>
          </reporter-output>
        </test-method> <!-- withvalidvredentails -->
        <test-method is-config="true" signature="browserquit()[pri:0, instance:amazonTest.TestCase6_SearchFilters@587e5365]" started-at="2025-06-19T16:36:26 EDT" name="browserquit" finished-at="2025-06-19T16:36:26 EDT" duration-ms="352" status="PASS">
          <reporter-output>
          </reporter-output>
        </test-method> <!-- browserquit -->
      </class> <!-- amazonTest.TestCase6_SearchFilters -->
    </test> <!-- Default test -->
  </suite> <!-- Default suite -->
</testng-results>
